task9.4_lluis_1_Devel does not follow the convention file name for the task!

Strict matching (boundaries + type)
cor	inc	par	mis	spu	total	prec	recall	F1
1495	120	0	156	54	1771	0.9	0.84	0.87



Exact matching
cor	inc	par	mis	spu	total	prec	recall	F1
1552	63	0	156	54	1771	0.93	0.88	0.9



Partial matching
cor	inc	par	mis	spu	total	prec	recall	F1
1552	0	63	156	54	1771	0.93	0.89	0.91



type matching
cor	inc	par	mis	spu	total	prec	recall	F1
1545	70	0	156	54	1771	0.93	0.87	0.9



SCORES FOR ENTITY TYPE
Exact matching on drug
cor	inc	par	mis	spu	total	prec	recall	F1
966	3	0	76	45	1045	0.95	0.92	0.94


Exact matching on brand
cor	inc	par	mis	spu	total	prec	recall	F1
148	2	0	30	3	180	0.97	0.82	0.89


Exact matching on group
cor	inc	par	mis	spu	total	prec	recall	F1
363	49	0	42	13	454	0.85	0.8	0.83


Exact matching on drug_n
cor	inc	par	mis	spu	total	prec	recall	F1
18	0	0	74	3	92	0.86	0.2	0.32


MACRO-AVERAGE MEASURES:
P	R	F1
0.91	0.69	0.74
________________________________________________________________________

