task9.5_lluis_1_Devel does not follow the convention file name for the task!

Strict matching (boundaries + type)
cor	inc	par	mis	spu	total	prec	recall	F1
1498	98	0	175	50	1771	0.91	0.85	0.88



Exact matching
cor	inc	par	mis	spu	total	prec	recall	F1
1540	56	0	175	50	1771	0.94	0.87	0.9



Partial matching
cor	inc	par	mis	spu	total	prec	recall	F1
1540	0	56	175	50	1771	0.94	0.89	0.91



type matching
cor	inc	par	mis	spu	total	prec	recall	F1
1545	51	0	175	50	1771	0.94	0.87	0.9



SCORES FOR ENTITY TYPE
Exact matching on drug
cor	inc	par	mis	spu	total	prec	recall	F1
966	4	0	75	31	1045	0.97	0.92	0.94


Exact matching on brand
cor	inc	par	mis	spu	total	prec	recall	F1
147	2	0	31	4	180	0.96	0.82	0.88


Exact matching on group
cor	inc	par	mis	spu	total	prec	recall	F1
369	43	0	42	12	454	0.87	0.81	0.84


Exact matching on drug_n
cor	inc	par	mis	spu	total	prec	recall	F1
16	1	0	75	3	92	0.8	0.17	0.29


MACRO-AVERAGE MEASURES:
P	R	F1
0.9	0.68	0.74
________________________________________________________________________

