SCORES FOR THE GROUP: lluis RUN=5
Gold Dataset: /Train

Partial Evaluation: only detection of DDI (regadless to the type)
tp	fp	fn	total	prec	recall	F1
1777	10831	1760	3537	0,1409	0,5024	0,2201


Detection and Classification of DDI
tp	fp	fn	total	prec	recall	F1
447	12161	3090	3537	0,0355	0,1264	0,0554


________________________________________________________________________

SCORES FOR DDI TYPE
Scores for ddi with type mechanism
tp	fp	fn	total	prec	recall	F1
144	3034	974	1118	0,0453	0,1288	0,067


Scores for ddi with type effect
tp	fp	fn	total	prec	recall	F1
183	2886	1342	1525	0,0596	0,12	0,0797


Scores for ddi with type advise
tp	fp	fn	total	prec	recall	F1
91	3112	616	707	0,0284	0,1287	0,0465


Scores for ddi with type int
tp	fp	fn	total	prec	recall	F1
29	3129	157	186	0,0092	0,1559	0,0173


MACRO-AVERAGE MEASURES:
	P	R	F1
	0,0356	0,1334	0,0562
________________________________________________________________________

