SCORES FOR THE GROUP: lluis RUN=4

Strict matching (boundaries + type)
cor	inc	par	mis	spu	total	prec	recall	F1
0	1160	0	611	333	1771	0	0	0



Exact matching
cor	inc	par	mis	spu	total	prec	recall	F1
0	1160	0	611	333	1771	0	0	0



Partial matching
cor	inc	par	mis	spu	total	prec	recall	F1
0	0	1160	611	333	1771	0	0.33	0



type matching
cor	inc	par	mis	spu	total	prec	recall	F1
1015	145	0	611	333	1771	0.68	0.57	0.62



SCORES FOR ENTITY TYPE
Exact matching on drug
cor	inc	par	mis	spu	total	prec	recall	F1
0	704	0	341	122	1045	0	0	0


Exact matching on brand
cor	inc	par	mis	spu	total	prec	recall	F1
0	115	0	65	31	180	0	0	0


Exact matching on group
cor	inc	par	mis	spu	total	prec	recall	F1
0	195	0	259	71	454	0	0	0


Exact matching on drug_n
cor	inc	par	mis	spu	total	prec	recall	F1
0	1	0	91	0	92	0	0	0


MACRO-AVERAGE MEASURES:
P	R	F1
0	0	0
________________________________________________________________________

