SCORES FOR THE GROUP: lluis_2_Devel_results RUN=int
Gold Dataset: /

Partial Evaluation: only detection of DDI (regadless to the type)
tp	fp	fn	total	prec	recall	F1
307	488	177	484	0,3862	0,6343	0,4801


Detection and Classification of DDI
tp	fp	fn	total	prec	recall	F1
272	523	212	484	0,3421	0,562	0,4253


________________________________________________________________________

SCORES FOR DDI TYPE
Scores for ddi with type mechanism
tp	fp	fn	total	prec	recall	F1
88	254	113	201	0,2573	0,4378	0,3241


Scores for ddi with type effect
tp	fp	fn	total	prec	recall	F1
113	210	49	162	0,3498	0,6975	0,466


Scores for ddi with type advise
tp	fp	fn	total	prec	recall	F1
69	48	50	119	0,5897	0,5798	0,5847


Scores for ddi with type int
tp	fp	fn	total	prec	recall	F1
2	11	0	2	0,1538	1	0,2667


MACRO-AVERAGE MEASURES:
	P	R	F1
	0,3377	0,6788	0,451
________________________________________________________________________

