SCORES FOR THE GROUP: lluis_2_Devel RUN=results
Gold Dataset: /

Partial Evaluation: only detection of DDI (regadless to the type)
tp	fp	fn	total	prec	recall	F1
162	126	322	484	0.5625	0.3347	0.4197


Detection and Classification of DDI
tp	fp	fn	total	prec	recall	F1
152	136	332	484	0.5278	0.314	0.3938


________________________________________________________________________

SCORES FOR DDI TYPE
Scores for ddi with type mechanism
tp	fp	fn	total	prec	recall	F1
44	42	157	201	0.5116	0.2189	0.3066


Scores for ddi with type effect
tp	fp	fn	total	prec	recall	F1
65	37	97	162	0.6373	0.4012	0.4924


Scores for ddi with type advise
tp	fp	fn	total	prec	recall	F1
43	57	76	119	0.43	0.3613	0.3927


Scores for ddi with type int
tp	fp	fn	total	prec	recall	F1
0	0	2	2	0	0	0


MACRO-AVERAGE MEASURES:
	P	R	F1
	0.3947	0.2454	0.3026
________________________________________________________________________

