SCORES FOR THE GROUP: lluis_5_Devel RUN=results
Gold Dataset: /

Partial Evaluation: only detection of DDI (regadless to the type)
tp	fp	fn	total	prec	recall	F1
484	2219	0	484	0,1791	1	0,3037


Detection and Classification of DDI
tp	fp	fn	total	prec	recall	F1
162	2541	322	484	0,0599	0,3347	0,1017


________________________________________________________________________

SCORES FOR DDI TYPE
Scores for ddi with type mechanism
tp	fp	fn	total	prec	recall	F1
0	0	201	201	0	0	0


Scores for ddi with type effect
tp	fp	fn	total	prec	recall	F1
162	2541	0	162	0,0599	1	0,1131


Scores for ddi with type advise
tp	fp	fn	total	prec	recall	F1
0	0	119	119	0	0	0


Scores for ddi with type int
tp	fp	fn	total	prec	recall	F1
0	0	2	2	0	0	0


MACRO-AVERAGE MEASURES:
	P	R	F1
	0,015	0,25	0,0283
________________________________________________________________________

